<?xml version="1.0" encoding="UTF-8"?>
<!-- Generated by org.testng.reporters.JUnitXMLReporter -->
<testsuite hostname="BUE1NB314" ignored="0" name="MLTests" tests="7" failures="1" timestamp="29 Nov 2019 17:33:00 GMT" time="7.833" errors="0">
  <testcase name="verifyCurrency" time="3.882" classname="BackEndTests.BE_Tests"/>
  <testcase name="verifyFreeShipping" time="0.822" classname="BackEndTests.BE_Tests"/>
  <testcase name="verifyMercadoPago" time="0.703" classname="BackEndTests.BE_Tests"/>
  <testcase name="verifyProductPrice" time="0.724" classname="BackEndTests.BE_Tests"/>
  <testcase name="verifyProductTitle" time="0.664" classname="BackEndTests.BE_Tests"/>
  <testcase name="verifyProductsPaging" time="0.488" classname="BackEndTests.BE_Tests">
    <failure type="java.lang.AssertionError" message="expected [true] but found [false]">
      <![CDATA[java.lang.AssertionError: expected [true] but found [false]
at BackEndTests.BE_Tests.verifyProductsPaging(BE_Tests.java:47)
... Removed 30 stack frames]]>
    </failure>
  </testcase> <!-- verifyProductsPaging -->
  <testcase name="verifyProductsTotal" time="0.524" classname="BackEndTests.BE_Tests"/>
</testsuite> <!-- MLTests -->
