<?xml version="1.0" encoding="UTF-8"?>
<!-- Generated by org.testng.reporters.JUnitXMLReporter -->
<testsuite hostname="BUE1NB314" ignored="0" name="MLTests-Chrome" tests="4" failures="2" timestamp="28 Nov 2019 20:24:34 GMT" time="26.039" errors="0">
  <testcase name="ejercicio2" time="6.224" classname="FrontEndTests.FE_Tests">
    <failure type="java.lang.AssertionError" message="The following asserts failed:
	expected [true] but found [false]">
      <![CDATA[java.lang.AssertionError: The following asserts failed:
expected [true] but found [false]
at FrontEndTests.FE_Tests.ejercicio2(FE_Tests.java:208)
... Removed 27 stack frames]]>
    </failure>
  </testcase> <!-- ejercicio2 -->
  <testcase name="verifyCategoryClimatizacion" time="3.771" classname="FrontEndTests.FE_Tests"/>
  <testcase name="verifyPrices" time="4.862" classname="FrontEndTests.FE_Tests">
    <failure type="java.lang.AssertionError" message="The following asserts failed:
	expected [true] but found [false]">
      <![CDATA[java.lang.AssertionError: The following asserts failed:
expected [true] but found [false]
at FrontEndTests.FE_Tests.verifyPrices(FE_Tests.java:157)
... Removed 27 stack frames]]>
    </failure>
  </testcase> <!-- verifyPrices -->
  <testcase name="verifySmartCellsGrid" time="6.745" classname="FrontEndTests.FE_Tests"/>
</testsuite> <!-- MLTests-Chrome -->
