<?xml version="1.0" encoding="UTF-8"?>
<!-- Generated by org.testng.reporters.JUnitXMLReporter -->
<testsuite hostname="BUE1NB314" ignored="0" name="MLTests-Firefox" tests="4" failures="1" timestamp="28 Nov 2019 20:25:00 GMT" time="26.118" errors="0">
  <testcase name="ejercicio2" time="6.413" classname="FrontEndTests.FE_Tests"/>
  <testcase name="verifyCategoryClimatizacion" time="3.545" classname="FrontEndTests.FE_Tests"/>
  <testcase name="verifyPrices" time="4.886" classname="FrontEndTests.FE_Tests">
    <failure type="java.lang.AssertionError" message="The following asserts failed:
	expected [true] but found [false]">
      <![CDATA[java.lang.AssertionError: The following asserts failed:
expected [true] but found [false]
at FrontEndTests.FE_Tests.verifyPrices(FE_Tests.java:157)
... Removed 27 stack frames]]>
    </failure>
  </testcase> <!-- verifyPrices -->
  <testcase name="verifySmartCellsGrid" time="6.035" classname="FrontEndTests.FE_Tests"/>
</testsuite> <!-- MLTests-Firefox -->
